Determining if the pthread_create exist failed with the following output:
Change Dir: /home/zqshi/dissertation_ws/build/CMakeFiles/CMakeTmp

Run Build Command:"/usr/bin/make" "cmTC_eee76/fast"
/usr/bin/make -f CMakeFiles/cmTC_eee76.dir/build.make CMakeFiles/cmTC_eee76.dir/build
make[1]: Entering directory '/home/zqshi/dissertation_ws/build/CMakeFiles/CMakeTmp'
Building C object CMakeFiles/cmTC_eee76.dir/CheckSymbolExists.c.o
/usr/bin/cc     -o CMakeFiles/cmTC_eee76.dir/CheckSymbolExists.c.o   -c /home/zqshi/dissertation_ws/build/CMakeFiles/CMakeTmp/CheckSymbolExists.c
Linking C executable cmTC_eee76
/usr/bin/cmake -E cmake_link_script CMakeFiles/cmTC_eee76.dir/link.txt --verbose=1
/usr/bin/cc       CMakeFiles/cmTC_eee76.dir/CheckSymbolExists.c.o  -o cmTC_eee76 -rdynamic 
CMakeFiles/cmTC_eee76.dir/CheckSymbolExists.c.o: In function `main':
CheckSymbolExists.c:(.text+0x16): undefined reference to `pthread_create'
collect2: error: ld returned 1 exit status
CMakeFiles/cmTC_eee76.dir/build.make:97: recipe for target 'cmTC_eee76' failed
make[1]: *** [cmTC_eee76] Error 1
make[1]: Leaving directory '/home/zqshi/dissertation_ws/build/CMakeFiles/CMakeTmp'
Makefile:126: recipe for target 'cmTC_eee76/fast' failed
make: *** [cmTC_eee76/fast] Error 2

File /home/zqshi/dissertation_ws/build/CMakeFiles/CMakeTmp/CheckSymbolExists.c:
/* */
#include <pthread.h>

int main(int argc, char** argv)
{
  (void)argv;
#ifndef pthread_create
  return ((int*)(&pthread_create))[argc];
#else
  (void)argc;
  return 0;
#endif
}

Determining if the function pthread_create exists in the pthreads failed with the following output:
Change Dir: /home/zqshi/dissertation_ws/build/CMakeFiles/CMakeTmp

Run Build Command:"/usr/bin/make" "cmTC_13166/fast"
/usr/bin/make -f CMakeFiles/cmTC_13166.dir/build.make CMakeFiles/cmTC_13166.dir/build
make[1]: Entering directory '/home/zqshi/dissertation_ws/build/CMakeFiles/CMakeTmp'
Building C object CMakeFiles/cmTC_13166.dir/CheckFunctionExists.c.o
/usr/bin/cc    -DCHECK_FUNCTION_EXISTS=pthread_create   -o CMakeFiles/cmTC_13166.dir/CheckFunctionExists.c.o   -c /usr/share/cmake-3.5/Modules/CheckFunctionExists.c
Linking C executable cmTC_13166
/usr/bin/cmake -E cmake_link_script CMakeFiles/cmTC_13166.dir/link.txt --verbose=1
/usr/bin/cc   -DCHECK_FUNCTION_EXISTS=pthread_create    CMakeFiles/cmTC_13166.dir/CheckFunctionExists.c.o  -o cmTC_13166 -rdynamic -lpthreads 
/usr/bin/ld: cannot find -lpthreads
collect2: error: ld returned 1 exit status
CMakeFiles/cmTC_13166.dir/build.make:97: recipe for target 'cmTC_13166' failed
make[1]: *** [cmTC_13166] Error 1
make[1]: Leaving directory '/home/zqshi/dissertation_ws/build/CMakeFiles/CMakeTmp'
Makefile:126: recipe for target 'cmTC_13166/fast' failed
make: *** [cmTC_13166/fast] Error 2


